Determining if the pthread_create exist failed with the following output:
Change Dir: /home/2ing2/mbulut/githubRepo/Master-2/SyntheseImage/GLImac-Template-build/CMakeFiles/CMakeTmp

Run Build Command:"/usr/bin/make" "cmTC_bfc62/fast"
/usr/bin/make -f CMakeFiles/cmTC_bfc62.dir/build.make CMakeFiles/cmTC_bfc62.dir/build
make[1] : on entre dans le répertoire « /home/2ing2/mbulut/githubRepo/Master-2/SyntheseImage/GLImac-Template-build/CMakeFiles/CMakeTmp »
Building C object CMakeFiles/cmTC_bfc62.dir/CheckSymbolExists.c.o
/usr/bin/cc    -o CMakeFiles/cmTC_bfc62.dir/CheckSymbolExists.c.o   -c /home/2ing2/mbulut/githubRepo/Master-2/SyntheseImage/GLImac-Template-build/CMakeFiles/CMakeTmp/CheckSymbolExists.c
Linking C executable cmTC_bfc62
/usr/bin/cmake -E cmake_link_script CMakeFiles/cmTC_bfc62.dir/link.txt --verbose=1
/usr/bin/cc      -rdynamic CMakeFiles/cmTC_bfc62.dir/CheckSymbolExists.c.o  -o cmTC_bfc62 
/usr/bin/ld: CMakeFiles/cmTC_bfc62.dir/CheckSymbolExists.c.o: in function `main':
CheckSymbolExists.c:(.text+0x1b): undefined reference to `pthread_create'
collect2: error: ld returned 1 exit status
make[1]: *** [CMakeFiles/cmTC_bfc62.dir/build.make:87: cmTC_bfc62] Error 1
make[1] : on quitte le répertoire « /home/2ing2/mbulut/githubRepo/Master-2/SyntheseImage/GLImac-Template-build/CMakeFiles/CMakeTmp »
make: *** [Makefile:121: cmTC_bfc62/fast] Error 2

File /home/2ing2/mbulut/githubRepo/Master-2/SyntheseImage/GLImac-Template-build/CMakeFiles/CMakeTmp/CheckSymbolExists.c:
/* */
#include <pthread.h>

int main(int argc, char** argv)
{
  (void)argv;
#ifndef pthread_create
  return ((int*)(&pthread_create))[argc];
#else
  (void)argc;
  return 0;
#endif
}

Determining if the function pthread_create exists in the pthreads failed with the following output:
Change Dir: /home/2ing2/mbulut/githubRepo/Master-2/SyntheseImage/GLImac-Template-build/CMakeFiles/CMakeTmp

Run Build Command:"/usr/bin/make" "cmTC_c2d6e/fast"
/usr/bin/make -f CMakeFiles/cmTC_c2d6e.dir/build.make CMakeFiles/cmTC_c2d6e.dir/build
make[1] : on entre dans le répertoire « /home/2ing2/mbulut/githubRepo/Master-2/SyntheseImage/GLImac-Template-build/CMakeFiles/CMakeTmp »
Building C object CMakeFiles/cmTC_c2d6e.dir/CheckFunctionExists.c.o
/usr/bin/cc   -DCHECK_FUNCTION_EXISTS=pthread_create   -o CMakeFiles/cmTC_c2d6e.dir/CheckFunctionExists.c.o   -c /usr/share/cmake-3.13/Modules/CheckFunctionExists.c
Linking C executable cmTC_c2d6e
/usr/bin/cmake -E cmake_link_script CMakeFiles/cmTC_c2d6e.dir/link.txt --verbose=1
/usr/bin/cc  -DCHECK_FUNCTION_EXISTS=pthread_create    -rdynamic CMakeFiles/cmTC_c2d6e.dir/CheckFunctionExists.c.o  -o cmTC_c2d6e -lpthreads 
/usr/bin/ld : ne peut trouver -lpthreads
collect2: error: ld returned 1 exit status
make[1]: *** [CMakeFiles/cmTC_c2d6e.dir/build.make:87: cmTC_c2d6e] Error 1
make[1] : on quitte le répertoire « /home/2ing2/mbulut/githubRepo/Master-2/SyntheseImage/GLImac-Template-build/CMakeFiles/CMakeTmp »
make: *** [Makefile:121: cmTC_c2d6e/fast] Error 2


